[2024-09-09 10:28:05] | [ERROR] | Main:45 --> Bot token is empty! Please insert token in configs/config.toml!
java.lang.Exception: Bot token is empty! Please insert token in configs/config.toml!
	at kiinse.dev.telegram.Main.main(Main.java:31)
[2024-09-09 10:28:10] | [ERROR] | Main:45 --> Bot token is empty! Please insert token in configs/config.toml!
java.lang.Exception: Bot token is empty! Please insert token in configs/config.toml!
	at kiinse.dev.telegram.Main.main(Main.java:31)
[2024-09-09 10:29:10] | [INFO ] | Main:35 --> Registered command: StartCommand
[2024-09-09 10:29:10] | [INFO ] | Main:35 --> Registered command: ChatIdCommand
[2024-09-09 10:29:11] | [INFO ] | BotSession:171 --> Result when calling deleteWebhook: true
[2024-09-09 10:32:19] | [INFO ] | Main:35 --> Registered command: StartCommand
[2024-09-09 10:32:19] | [INFO ] | Main:35 --> Registered command: ChatIdCommand
[2024-09-09 10:32:20] | [INFO ] | BotSession:171 --> Result when calling deleteWebhook: true
[2024-09-09 10:32:55] | [INFO ] | Main:35 --> Registered command: StartCommand
[2024-09-09 10:32:55] | [INFO ] | Main:35 --> Registered command: ChatIdCommand
[2024-09-09 10:32:55] | [INFO ] | BotSession:171 --> Result when calling deleteWebhook: true
[2024-09-09 10:32:55] | [ERROR] | Main:43 --> Error on starting bot
org.telegram.telegrambots.meta.exceptions.TelegramApiException: App is already running
	at org.telegram.telegrambots.longpolling.TelegramBotsLongPollingApplication.start(TelegramBotsLongPollingApplication.java:106)
	at kiinse.dev.telegram.Main.main(Main.java:41)
[2024-09-09 10:34:02] | [INFO ] | Main:29 --> Starting Telegram bot...
[2024-09-09 10:34:02] | [INFO ] | Main:30 --> Debug: true
[2024-09-09 10:34:02] | [INFO ] | Main:37 --> Registered command: StartCommand
[2024-09-09 10:34:02] | [INFO ] | Main:37 --> Registered command: ChatIdCommand
[2024-09-09 10:34:02] | [INFO ] | BotSession:171 --> Result when calling deleteWebhook: true
[2024-09-09 10:34:02] | [INFO ] | Main:46 --> Telegram bot started!
[2024-09-09 10:41:24] | [INFO ] | Main:29 --> Starting Telegram bot...
[2024-09-09 10:41:24] | [INFO ] | Main:30 --> Debug: true
[2024-09-09 10:41:24] | [INFO ] | Main:37 --> Registered command: StartCommand
[2024-09-09 10:41:24] | [INFO ] | Main:37 --> Registered command: ChatIdCommand
[2024-09-09 10:41:24] | [INFO ] | BotSession:171 --> Result when calling deleteWebhook: true
[2024-09-09 10:41:24] | [INFO ] | Main:42 --> Telegram bot started!
[2024-09-09 10:41:24] | [INFO ] | Bot:37 --> Received new update! ChatId: 327614944
[2024-09-09 10:41:24] | [INFO ] | StartCommand:28 --> Sending start message to 327614944
[2024-09-09 10:41:25] | [INFO ] | Bot:37 --> Received new update! ChatId: 327614944
[2024-09-09 10:41:25] | [INFO ] | ChatIDCommand:25 --> Sending chat id to 327614944
[2024-09-09 10:41:25] | [INFO ] | Bot:37 --> Received new update! ChatId: 327614944
[2024-09-09 10:41:25] | [INFO ] | StartCommand:28 --> Sending start message to 327614944
[2024-09-09 10:41:25] | [INFO ] | Bot:37 --> Received new update! ChatId: 327614944
[2024-09-09 10:41:25] | [INFO ] | StartCommand:28 --> Sending start message to 327614944
[2024-09-09 10:41:28] | [INFO ] | Bot:37 --> Received new update! ChatId: 327614944
[2024-09-09 10:41:28] | [INFO ] | ChatIDCommand:25 --> Sending chat id to 327614944
[2024-09-09 10:41:31] | [INFO ] | Bot:37 --> Received new update! ChatId: 327614944
[2024-09-09 10:41:31] | [INFO ] | StartCommand:28 --> Sending start message to 327614944
[2024-09-09 11:44:09] | [INFO ] | Main:36 --> Starting Telegram bot...
[2024-09-09 11:44:09] | [INFO ] | Main:37 --> Debug: true
[2024-09-09 11:44:09] | [INFO ] | Main:44 --> Registered command: StartCommand
[2024-09-09 11:44:09] | [INFO ] | Main:44 --> Registered command: ChatIdCommand
[2024-09-09 11:44:09] | [INFO ] | Main:44 --> Registered command: SendComplaintCommand
[2024-09-09 11:44:09] | [INFO ] | Main:44 --> Registered command: ViewComplaintCommand
[2024-09-09 11:44:09] | [INFO ] | Main:44 --> Registered command: ViewComplaintAdminCommand
[2024-09-09 11:44:09] | [INFO ] | Main:44 --> Registered command: RemoveComplaintCommand
[2024-09-09 11:44:10] | [INFO ] | BotSession:171 --> Result when calling deleteWebhook: true
[2024-09-09 11:44:10] | [INFO ] | Main:55 --> Telegram bot started!
[2024-09-09 11:44:19] | [INFO ] | Bot:56 --> Received new update! ChatId: 327614944
[2024-09-09 11:44:19] | [INFO ] | StartCommand:40 --> Executing StartCommand to 327614944
[2024-09-09 11:44:21] | [INFO ] | Bot:56 --> Received new update! ChatId: 327614944
[2024-09-09 11:44:21] | [INFO ] | SelectDistrictCommand:35 --> Executing SelectDistrictCommand to 327614944
[2024-09-09 11:44:32] | [INFO ] | Bot:56 --> Received new update! ChatId: 327614944
[2024-09-09 11:44:32] | [INFO ] | SaveComplaintCommand:33 --> Executing SaveComplaintCommand to 327614944
[2024-09-09 11:44:38] | [INFO ] | Bot:56 --> Received new update! ChatId: 327614944
[2024-09-09 11:44:38] | [INFO ] | SaveComplaintCommand:33 --> Executing SaveComplaintCommand to 327614944
[2024-09-09 13:15:59] | [INFO ] | MongoDB:33 --> Connecting to database...
[2024-09-09 13:15:59] | [INFO ] | cluster:71 --> Cluster created with settings {hosts=[mdb.kiinse.dev:27017], mode=SINGLE, requiredClusterType=UNKNOWN, serverSelectionTimeout='30000 ms', maxWaitQueueSize=500}
[2024-09-09 13:15:59] | [INFO ] | cluster:71 --> Cluster description not yet available. Waiting for 30000 ms before timing out
[2024-09-09 13:15:59] | [INFO ] | connection:71 --> Opened connection [connectionId{localValue:1, serverValue:1914}] to mdb.kiinse.dev:27017
[2024-09-09 13:15:59] | [INFO ] | cluster:71 --> Monitor thread successfully connected to server with description ServerDescription{address=mdb.kiinse.dev:27017, type=STANDALONE, state=CONNECTED, ok=true, version=ServerVersion{versionList=[6, 0, 2]}, minWireVersion=0, maxWireVersion=17, maxDocumentSize=16777216, logicalSessionTimeoutMinutes=30, roundTripTimeNanos=14532250}
[2024-09-09 13:15:59] | [INFO ] | connection:71 --> Opened connection [connectionId{localValue:2, serverValue:1915}] to mdb.kiinse.dev:27017
[2024-09-09 13:15:59] | [INFO ] | MongoDB:67 --> Collection 'admins' has been created!
[2024-09-09 13:15:59] | [INFO ] | MongoDB:67 --> Collection 'complaints' has been created!
[2024-09-09 13:15:59] | [INFO ] | MongoDB:56 --> Database connected!
[2024-09-09 13:15:59] | [INFO ] | Main:43 --> Starting Telegram bot...
[2024-09-09 13:15:59] | [INFO ] | Main:44 --> Debug: true
[2024-09-09 13:15:59] | [INFO ] | Main:51 --> Registered command: StartCommand
[2024-09-09 13:15:59] | [INFO ] | Main:51 --> Registered command: ChatIdCommand
[2024-09-09 13:15:59] | [INFO ] | Main:51 --> Registered command: SendComplaintCommand
[2024-09-09 13:15:59] | [INFO ] | Main:51 --> Registered command: ViewComplaintCommand
[2024-09-09 13:15:59] | [INFO ] | Main:51 --> Registered command: ViewComplaintAdminCommand
[2024-09-09 13:15:59] | [INFO ] | Main:51 --> Registered command: RemoveComplaintCommand
[2024-09-09 13:16:00] | [INFO ] | BotSession:171 --> Result when calling deleteWebhook: true
[2024-09-09 13:16:00] | [INFO ] | Main:62 --> Telegram bot started!
[2024-09-09 13:16:57] | [INFO ] | MongoDB:33 --> Connecting to database...
[2024-09-09 13:16:57] | [INFO ] | cluster:71 --> Cluster created with settings {hosts=[mdb.kiinse.dev:27017], mode=SINGLE, requiredClusterType=UNKNOWN, serverSelectionTimeout='30000 ms', maxWaitQueueSize=500}
[2024-09-09 13:16:57] | [INFO ] | cluster:71 --> Cluster description not yet available. Waiting for 30000 ms before timing out
[2024-09-09 13:16:57] | [INFO ] | connection:71 --> Opened connection [connectionId{localValue:1, serverValue:1917}] to mdb.kiinse.dev:27017
[2024-09-09 13:16:57] | [INFO ] | cluster:71 --> Monitor thread successfully connected to server with description ServerDescription{address=mdb.kiinse.dev:27017, type=STANDALONE, state=CONNECTED, ok=true, version=ServerVersion{versionList=[6, 0, 2]}, minWireVersion=0, maxWireVersion=17, maxDocumentSize=16777216, logicalSessionTimeoutMinutes=30, roundTripTimeNanos=14732208}
[2024-09-09 13:16:57] | [INFO ] | connection:71 --> Opened connection [connectionId{localValue:2, serverValue:1918}] to mdb.kiinse.dev:27017
[2024-09-09 13:16:57] | [INFO ] | MongoDB:67 --> Collection 'users' has been created!
[2024-09-09 13:16:57] | [INFO ] | MongoDB:56 --> Database connected!
[2024-09-09 13:16:57] | [INFO ] | Main:43 --> Starting Telegram bot...
[2024-09-09 13:16:57] | [INFO ] | Main:44 --> Debug: true
[2024-09-09 13:16:57] | [INFO ] | Main:51 --> Registered command: StartCommand
[2024-09-09 13:16:57] | [INFO ] | Main:51 --> Registered command: ChatIdCommand
[2024-09-09 13:16:57] | [INFO ] | Main:51 --> Registered command: SendComplaintCommand
[2024-09-09 13:16:57] | [INFO ] | Main:51 --> Registered command: ViewComplaintCommand
[2024-09-09 13:16:57] | [INFO ] | Main:51 --> Registered command: ViewComplaintAdminCommand
[2024-09-09 13:16:57] | [INFO ] | Main:51 --> Registered command: RemoveComplaintCommand
[2024-09-09 13:16:58] | [INFO ] | BotSession:171 --> Result when calling deleteWebhook: true
[2024-09-09 13:16:58] | [INFO ] | Main:62 --> Telegram bot started!
[2024-09-09 13:17:16] | [INFO ] | Bot:57 --> Received new update! ChatId: 327614944
[2024-09-09 13:17:16] | [INFO ] | StartCommand:40 --> Executing StartCommand to 327614944
[2024-09-09 13:17:41] | [INFO ] | Bot:57 --> Received new update! ChatId: 327614944
[2024-09-09 13:17:41] | [INFO ] | SelectDistrictCommand:35 --> Executing SelectDistrictCommand to 327614944
[2024-09-09 13:18:38] | [INFO ] | Bot:57 --> Received new update! ChatId: 327614944
[2024-09-09 13:18:38] | [INFO ] | SaveComplaintCommand:33 --> Executing SaveComplaintCommand to 327614944
[2024-09-09 13:19:51] | [INFO ] | MongoDB:33 --> Connecting to database...
[2024-09-09 13:19:51] | [INFO ] | cluster:71 --> Cluster created with settings {hosts=[mdb.kiinse.dev:27017], mode=SINGLE, requiredClusterType=UNKNOWN, serverSelectionTimeout='30000 ms', maxWaitQueueSize=500}
[2024-09-09 13:19:51] | [INFO ] | cluster:71 --> Cluster description not yet available. Waiting for 30000 ms before timing out
[2024-09-09 13:19:51] | [INFO ] | connection:71 --> Opened connection [connectionId{localValue:1, serverValue:1919}] to mdb.kiinse.dev:27017
[2024-09-09 13:19:51] | [INFO ] | cluster:71 --> Monitor thread successfully connected to server with description ServerDescription{address=mdb.kiinse.dev:27017, type=STANDALONE, state=CONNECTED, ok=true, version=ServerVersion{versionList=[6, 0, 2]}, minWireVersion=0, maxWireVersion=17, maxDocumentSize=16777216, logicalSessionTimeoutMinutes=30, roundTripTimeNanos=46164875}
[2024-09-09 13:19:51] | [INFO ] | connection:71 --> Opened connection [connectionId{localValue:2, serverValue:1920}] to mdb.kiinse.dev:27017
[2024-09-09 13:19:51] | [INFO ] | MongoDB:56 --> Database connected!
[2024-09-09 13:19:51] | [INFO ] | Main:43 --> Starting Telegram bot...
[2024-09-09 13:19:51] | [INFO ] | Main:44 --> Debug: true
[2024-09-09 13:19:51] | [INFO ] | Main:51 --> Registered command: StartCommand
[2024-09-09 13:19:51] | [INFO ] | Main:51 --> Registered command: ChatIdCommand
[2024-09-09 13:19:51] | [INFO ] | Main:51 --> Registered command: SendComplaintCommand
[2024-09-09 13:19:51] | [INFO ] | Main:51 --> Registered command: ViewComplaintCommand
[2024-09-09 13:19:51] | [INFO ] | Main:51 --> Registered command: ViewComplaintAdminCommand
[2024-09-09 13:19:51] | [INFO ] | Main:51 --> Registered command: RemoveComplaintCommand
[2024-09-09 13:19:52] | [INFO ] | BotSession:171 --> Result when calling deleteWebhook: true
[2024-09-09 13:19:52] | [INFO ] | Main:62 --> Telegram bot started!
[2024-09-09 13:19:56] | [INFO ] | Bot:57 --> Received new update! ChatId: 327614944
[2024-09-09 13:19:56] | [INFO ] | ViewComplaintCommand:38 --> Executing ViewComplaintCommand to 327614944
[2024-09-09 13:20:07] | [INFO ] | Bot:57 --> Received new update! ChatId: 327614944
[2024-09-09 13:20:07] | [INFO ] | SaveComplaintCommand:33 --> Executing SaveComplaintCommand to 327614944
[2024-09-09 13:20:11] | [INFO ] | Bot:57 --> Received new update! ChatId: 327614944
[2024-09-09 13:20:11] | [INFO ] | SaveComplaintCommand:33 --> Executing SaveComplaintCommand to 327614944
[2024-09-09 13:20:32] | [INFO ] | MongoDB:33 --> Connecting to database...
[2024-09-09 13:20:32] | [INFO ] | cluster:71 --> Cluster created with settings {hosts=[mdb.kiinse.dev:27017], mode=SINGLE, requiredClusterType=UNKNOWN, serverSelectionTimeout='30000 ms', maxWaitQueueSize=500}
[2024-09-09 13:20:32] | [INFO ] | cluster:71 --> Cluster description not yet available. Waiting for 30000 ms before timing out
[2024-09-09 13:20:32] | [INFO ] | connection:71 --> Opened connection [connectionId{localValue:1, serverValue:1921}] to mdb.kiinse.dev:27017
[2024-09-09 13:20:32] | [INFO ] | cluster:71 --> Monitor thread successfully connected to server with description ServerDescription{address=mdb.kiinse.dev:27017, type=STANDALONE, state=CONNECTED, ok=true, version=ServerVersion{versionList=[6, 0, 2]}, minWireVersion=0, maxWireVersion=17, maxDocumentSize=16777216, logicalSessionTimeoutMinutes=30, roundTripTimeNanos=16210584}
[2024-09-09 13:20:32] | [INFO ] | connection:71 --> Opened connection [connectionId{localValue:2, serverValue:1922}] to mdb.kiinse.dev:27017
[2024-09-09 13:20:32] | [INFO ] | MongoDB:56 --> Database connected!
[2024-09-09 13:20:32] | [INFO ] | Main:43 --> Starting Telegram bot...
[2024-09-09 13:20:32] | [INFO ] | Main:44 --> Debug: true
[2024-09-09 13:20:32] | [INFO ] | Main:51 --> Registered command: StartCommand
[2024-09-09 13:20:32] | [INFO ] | Main:51 --> Registered command: ChatIdCommand
[2024-09-09 13:20:32] | [INFO ] | Main:51 --> Registered command: SendComplaintCommand
[2024-09-09 13:20:32] | [INFO ] | Main:51 --> Registered command: ViewComplaintCommand
[2024-09-09 13:20:32] | [INFO ] | Main:51 --> Registered command: ViewComplaintAdminCommand
[2024-09-09 13:20:32] | [INFO ] | Main:51 --> Registered command: RemoveComplaintCommand
[2024-09-09 13:20:33] | [INFO ] | BotSession:171 --> Result when calling deleteWebhook: true
[2024-09-09 13:20:33] | [INFO ] | Main:62 --> Telegram bot started!
[2024-09-09 13:20:50] | [INFO ] | Bot:57 --> Received new update! ChatId: 327614944
[2024-09-09 13:20:50] | [INFO ] | SaveComplaintCommand:33 --> Executing SaveComplaintCommand to 327614944
[2024-09-09 13:21:01] | [INFO ] | Bot:57 --> Received new update! ChatId: 327614944
[2024-09-09 13:21:01] | [INFO ] | SaveComplaintCommand:33 --> Executing SaveComplaintCommand to 327614944
[2024-09-09 13:21:06] | [INFO ] | Bot:57 --> Received new update! ChatId: 327614944
[2024-09-09 13:21:06] | [INFO ] | SendComplaintCommand:38 --> Executing SendComplaintCommand to 327614944
[2024-09-09 13:21:09] | [INFO ] | Bot:57 --> Received new update! ChatId: 327614944
[2024-09-09 13:21:09] | [INFO ] | StartCommand:40 --> Executing StartCommand to 327614944
[2024-09-09 13:21:11] | [INFO ] | Bot:57 --> Received new update! ChatId: 327614944
[2024-09-09 13:21:11] | [INFO ] | SelectDistrictCommand:35 --> Executing SelectDistrictCommand to 327614944
[2024-09-09 13:21:24] | [INFO ] | Bot:57 --> Received new update! ChatId: 327614944
[2024-09-09 13:21:24] | [INFO ] | SaveComplaintCommand:33 --> Executing SaveComplaintCommand to 327614944
[2024-09-09 13:21:26] | [INFO ] | Bot:57 --> Received new update! ChatId: 327614944
[2024-09-09 13:21:26] | [INFO ] | SendComplaintCommand:38 --> Executing SendComplaintCommand to 327614944
[2024-09-09 13:21:28] | [INFO ] | Bot:57 --> Received new update! ChatId: 327614944
[2024-09-09 13:21:28] | [INFO ] | SendComplaintCommand:38 --> Executing SendComplaintCommand to 327614944
[2024-09-09 13:23:20] | [INFO ] | MongoDB:33 --> Connecting to database...
[2024-09-09 13:23:20] | [INFO ] | cluster:71 --> Cluster created with settings {hosts=[mdb.kiinse.dev:27017], mode=SINGLE, requiredClusterType=UNKNOWN, serverSelectionTimeout='30000 ms', maxWaitQueueSize=500}
[2024-09-09 13:23:20] | [INFO ] | cluster:71 --> Cluster description not yet available. Waiting for 30000 ms before timing out
[2024-09-09 13:23:20] | [INFO ] | connection:71 --> Opened connection [connectionId{localValue:1, serverValue:1923}] to mdb.kiinse.dev:27017
[2024-09-09 13:23:20] | [INFO ] | cluster:71 --> Monitor thread successfully connected to server with description ServerDescription{address=mdb.kiinse.dev:27017, type=STANDALONE, state=CONNECTED, ok=true, version=ServerVersion{versionList=[6, 0, 2]}, minWireVersion=0, maxWireVersion=17, maxDocumentSize=16777216, logicalSessionTimeoutMinutes=30, roundTripTimeNanos=14400709}
[2024-09-09 13:23:20] | [INFO ] | connection:71 --> Opened connection [connectionId{localValue:2, serverValue:1924}] to mdb.kiinse.dev:27017
[2024-09-09 13:23:20] | [INFO ] | MongoDB:56 --> Database connected!
[2024-09-09 13:23:20] | [INFO ] | Main:43 --> Starting Telegram bot...
[2024-09-09 13:23:20] | [INFO ] | Main:44 --> Debug: true
[2024-09-09 13:23:20] | [INFO ] | Main:51 --> Registered command: StartCommand
[2024-09-09 13:23:20] | [INFO ] | Main:51 --> Registered command: ChatIdCommand
[2024-09-09 13:23:20] | [INFO ] | Main:51 --> Registered command: SendComplaintCommand
[2024-09-09 13:23:20] | [INFO ] | Main:51 --> Registered command: ViewComplaintCommand
[2024-09-09 13:23:20] | [INFO ] | Main:51 --> Registered command: ViewComplaintAdminCommand
[2024-09-09 13:23:20] | [INFO ] | Main:51 --> Registered command: RemoveComplaintCommand
[2024-09-09 13:23:21] | [INFO ] | BotSession:171 --> Result when calling deleteWebhook: true
[2024-09-09 13:23:21] | [INFO ] | Main:62 --> Telegram bot started!
[2024-09-09 13:23:25] | [INFO ] | Bot:57 --> Received new update! ChatId: 327614944
[2024-09-09 13:23:25] | [INFO ] | StartCommand:40 --> Executing StartCommand to 327614944
[2024-09-09 13:23:27] | [INFO ] | Bot:57 --> Received new update! ChatId: 327614944
[2024-09-09 13:23:27] | [INFO ] | SelectDistrictCommand:35 --> Executing SelectDistrictCommand to 327614944
[2024-09-09 13:23:38] | [INFO ] | Bot:57 --> Received new update! ChatId: 327614944
[2024-09-09 13:23:38] | [INFO ] | SaveComplaintCommand:33 --> Executing SaveComplaintCommand to 327614944
[2024-09-09 13:23:40] | [INFO ] | Bot:57 --> Received new update! ChatId: 327614944
[2024-09-09 13:23:40] | [INFO ] | SendComplaintCommand:38 --> Executing SendComplaintCommand to 327614944
[2024-09-09 13:24:23] | [INFO ] | MongoDB:33 --> Connecting to database...
[2024-09-09 13:24:23] | [INFO ] | cluster:71 --> Cluster created with settings {hosts=[mdb.kiinse.dev:27017], mode=SINGLE, requiredClusterType=UNKNOWN, serverSelectionTimeout='30000 ms', maxWaitQueueSize=500}
[2024-09-09 13:24:23] | [INFO ] | cluster:71 --> Cluster description not yet available. Waiting for 30000 ms before timing out
[2024-09-09 13:24:23] | [INFO ] | connection:71 --> Opened connection [connectionId{localValue:1, serverValue:1925}] to mdb.kiinse.dev:27017
[2024-09-09 13:24:23] | [INFO ] | cluster:71 --> Monitor thread successfully connected to server with description ServerDescription{address=mdb.kiinse.dev:27017, type=STANDALONE, state=CONNECTED, ok=true, version=ServerVersion{versionList=[6, 0, 2]}, minWireVersion=0, maxWireVersion=17, maxDocumentSize=16777216, logicalSessionTimeoutMinutes=30, roundTripTimeNanos=17347250}
[2024-09-09 13:24:23] | [INFO ] | connection:71 --> Opened connection [connectionId{localValue:2, serverValue:1926}] to mdb.kiinse.dev:27017
[2024-09-09 13:24:23] | [INFO ] | MongoDB:56 --> Database connected!
[2024-09-09 13:24:23] | [INFO ] | Main:43 --> Starting Telegram bot...
[2024-09-09 13:24:23] | [INFO ] | Main:44 --> Debug: true
[2024-09-09 13:24:23] | [INFO ] | Main:51 --> Registered command: StartCommand
[2024-09-09 13:24:23] | [INFO ] | Main:51 --> Registered command: ChatIdCommand
[2024-09-09 13:24:23] | [INFO ] | Main:51 --> Registered command: SendComplaintCommand
[2024-09-09 13:24:23] | [INFO ] | Main:51 --> Registered command: ViewComplaintCommand
[2024-09-09 13:24:23] | [INFO ] | Main:51 --> Registered command: ViewComplaintAdminCommand
[2024-09-09 13:24:23] | [INFO ] | Main:51 --> Registered command: RemoveComplaintCommand
[2024-09-09 13:24:24] | [INFO ] | BotSession:171 --> Result when calling deleteWebhook: true
[2024-09-09 13:24:24] | [INFO ] | Main:62 --> Telegram bot started!
[2024-09-09 13:24:34] | [INFO ] | Bot:57 --> Received new update! ChatId: 327614944
[2024-09-09 13:24:34] | [INFO ] | SendComplaintCommand:38 --> Executing SendComplaintCommand to 327614944
[2024-09-09 13:24:41] | [INFO ] | Bot:57 --> Received new update! ChatId: 327614944
[2024-09-09 13:24:41] | [INFO ] | SendComplaintCommand:38 --> Executing SendComplaintCommand to 327614944
[2024-09-09 13:24:43] | [INFO ] | Bot:57 --> Received new update! ChatId: 327614944
[2024-09-09 13:24:43] | [INFO ] | SaveComplaintCommand:33 --> Executing SaveComplaintCommand to 327614944
[2024-09-09 13:24:44] | [INFO ] | Bot:57 --> Received new update! ChatId: 327614944
[2024-09-09 13:24:44] | [INFO ] | SendComplaintCommand:38 --> Executing SendComplaintCommand to 327614944
[2024-09-09 13:24:46] | [INFO ] | Bot:57 --> Received new update! ChatId: 327614944
[2024-09-09 13:24:46] | [INFO ] | SendComplaintCommand:38 --> Executing SendComplaintCommand to 327614944
[2024-09-09 13:24:47] | [INFO ] | Bot:57 --> Received new update! ChatId: 327614944
[2024-09-09 13:24:47] | [INFO ] | StartCommand:40 --> Executing StartCommand to 327614944
[2024-09-09 13:24:49] | [INFO ] | Bot:57 --> Received new update! ChatId: 327614944
[2024-09-09 13:24:49] | [INFO ] | SelectDistrictCommand:35 --> Executing SelectDistrictCommand to 327614944
[2024-09-09 13:24:50] | [INFO ] | Bot:57 --> Received new update! ChatId: 327614944
[2024-09-09 13:24:50] | [INFO ] | SendComplaintCommand:38 --> Executing SendComplaintCommand to 327614944
[2024-09-09 13:25:34] | [INFO ] | Bot:57 --> Received new update! ChatId: 327614944
[2024-09-09 13:25:34] | [INFO ] | StartCommand:40 --> Executing StartCommand to 327614944
[2024-09-09 13:25:37] | [INFO ] | Bot:57 --> Received new update! ChatId: 327614944
[2024-09-09 13:25:37] | [INFO ] | ViewComplaintAdminCommand:41 --> Executing ViewComplaintAdminCommand to 327614944
[2024-09-09 13:25:37] | [ERROR] | ViewComplaintAdminCommand:59 --> Error on ViewComplaintAdminCommand command
java.lang.NullPointerException: chatId is marked non-null but is null
	at kiinse.dev.telegram.complaint.Complaint$ComplaintBuilder.chatId(Complaint.java:6)
	at kiinse.dev.telegram.mongodb.queries.ComplaintQuery.documentToComplain(ComplaintQuery.java:60)
	at kiinse.dev.telegram.mongodb.queries.ComplaintQuery.getComplaints(ComplaintQuery.java:41)
	at kiinse.dev.telegram.manager.ComplaintManager.getComplaints(ComplaintManager.java:66)
	at kiinse.dev.telegram.commands.command.ViewComplaintAdminCommand.onCommand(ViewComplaintAdminCommand.java:54)
	at kiinse.dev.telegram.Bot.lambda$consume$0(Bot.java:81)
	at java.base/java.lang.Thread.run(Thread.java:1583)
[2024-09-09 13:26:51] | [INFO ] | MongoDB:33 --> Connecting to database...
[2024-09-09 13:26:51] | [INFO ] | cluster:71 --> Cluster created with settings {hosts=[mdb.kiinse.dev:27017], mode=SINGLE, requiredClusterType=UNKNOWN, serverSelectionTimeout='30000 ms', maxWaitQueueSize=500}
[2024-09-09 13:26:51] | [INFO ] | cluster:71 --> Cluster description not yet available. Waiting for 30000 ms before timing out
[2024-09-09 13:26:51] | [INFO ] | connection:71 --> Opened connection [connectionId{localValue:1, serverValue:1927}] to mdb.kiinse.dev:27017
[2024-09-09 13:26:51] | [INFO ] | cluster:71 --> Monitor thread successfully connected to server with description ServerDescription{address=mdb.kiinse.dev:27017, type=STANDALONE, state=CONNECTED, ok=true, version=ServerVersion{versionList=[6, 0, 2]}, minWireVersion=0, maxWireVersion=17, maxDocumentSize=16777216, logicalSessionTimeoutMinutes=30, roundTripTimeNanos=14914333}
[2024-09-09 13:26:51] | [INFO ] | connection:71 --> Opened connection [connectionId{localValue:2, serverValue:1928}] to mdb.kiinse.dev:27017
[2024-09-09 13:26:51] | [INFO ] | MongoDB:56 --> Database connected!
[2024-09-09 13:26:51] | [INFO ] | Main:43 --> Starting Telegram bot...
[2024-09-09 13:26:51] | [INFO ] | Main:44 --> Debug: true
[2024-09-09 13:26:51] | [INFO ] | Main:51 --> Registered command: StartCommand
[2024-09-09 13:26:51] | [INFO ] | Main:51 --> Registered command: ChatIdCommand
[2024-09-09 13:26:51] | [INFO ] | Main:51 --> Registered command: SendComplaintCommand
[2024-09-09 13:26:51] | [INFO ] | Main:51 --> Registered command: ViewComplaintCommand
[2024-09-09 13:26:51] | [INFO ] | Main:51 --> Registered command: ViewComplaintAdminCommand
[2024-09-09 13:26:51] | [INFO ] | Main:51 --> Registered command: RemoveComplaintCommand
[2024-09-09 13:26:52] | [INFO ] | BotSession:171 --> Result when calling deleteWebhook: true
[2024-09-09 13:26:52] | [INFO ] | Main:62 --> Telegram bot started!
[2024-09-09 13:27:07] | [INFO ] | Bot:57 --> Received new update! ChatId: 327614944
[2024-09-09 13:27:07] | [INFO ] | ViewComplaintAdminCommand:41 --> Executing ViewComplaintAdminCommand to 327614944
[2024-09-09 13:27:07] | [ERROR] | ViewComplaintAdminCommand:59 --> Error on ViewComplaintAdminCommand command
java.lang.NullPointerException: chatId is marked non-null but is null
	at kiinse.dev.telegram.complaint.Complaint$ComplaintBuilder.chatId(Complaint.java:6)
	at kiinse.dev.telegram.mongodb.queries.ComplaintQuery.documentToComplain(ComplaintQuery.java:61)
	at kiinse.dev.telegram.mongodb.queries.ComplaintQuery.getComplaints(ComplaintQuery.java:41)
	at kiinse.dev.telegram.manager.ComplaintManager.getComplaints(ComplaintManager.java:66)
	at kiinse.dev.telegram.commands.command.ViewComplaintAdminCommand.onCommand(ViewComplaintAdminCommand.java:54)
	at kiinse.dev.telegram.Bot.lambda$consume$0(Bot.java:81)
	at java.base/java.lang.Thread.run(Thread.java:1583)
[2024-09-09 13:27:09] | [INFO ] | Bot:57 --> Received new update! ChatId: 327614944
[2024-09-09 13:27:09] | [INFO ] | ViewComplaintAdminCommand:41 --> Executing ViewComplaintAdminCommand to 327614944
[2024-09-09 13:27:09] | [ERROR] | ViewComplaintAdminCommand:59 --> Error on ViewComplaintAdminCommand command
java.lang.NullPointerException: chatId is marked non-null but is null
	at kiinse.dev.telegram.complaint.Complaint$ComplaintBuilder.chatId(Complaint.java:6)
	at kiinse.dev.telegram.mongodb.queries.ComplaintQuery.documentToComplain(ComplaintQuery.java:61)
	at kiinse.dev.telegram.mongodb.queries.ComplaintQuery.getComplaints(ComplaintQuery.java:41)
	at kiinse.dev.telegram.manager.ComplaintManager.getComplaints(ComplaintManager.java:66)
	at kiinse.dev.telegram.commands.command.ViewComplaintAdminCommand.onCommand(ViewComplaintAdminCommand.java:54)
	at kiinse.dev.telegram.Bot.lambda$consume$0(Bot.java:81)
	at java.base/java.lang.Thread.run(Thread.java:1583)
[2024-09-09 13:27:31] | [INFO ] | MongoDB:33 --> Connecting to database...
[2024-09-09 13:27:31] | [INFO ] | cluster:71 --> Cluster created with settings {hosts=[mdb.kiinse.dev:27017], mode=SINGLE, requiredClusterType=UNKNOWN, serverSelectionTimeout='30000 ms', maxWaitQueueSize=500}
[2024-09-09 13:27:31] | [INFO ] | cluster:71 --> Cluster description not yet available. Waiting for 30000 ms before timing out
[2024-09-09 13:27:31] | [INFO ] | connection:71 --> Opened connection [connectionId{localValue:1, serverValue:1929}] to mdb.kiinse.dev:27017
[2024-09-09 13:27:31] | [INFO ] | cluster:71 --> Monitor thread successfully connected to server with description ServerDescription{address=mdb.kiinse.dev:27017, type=STANDALONE, state=CONNECTED, ok=true, version=ServerVersion{versionList=[6, 0, 2]}, minWireVersion=0, maxWireVersion=17, maxDocumentSize=16777216, logicalSessionTimeoutMinutes=30, roundTripTimeNanos=15081042}
[2024-09-09 13:27:32] | [INFO ] | connection:71 --> Opened connection [connectionId{localValue:2, serverValue:1930}] to mdb.kiinse.dev:27017
[2024-09-09 13:27:32] | [INFO ] | MongoDB:56 --> Database connected!
[2024-09-09 13:27:32] | [INFO ] | Main:43 --> Starting Telegram bot...
[2024-09-09 13:27:32] | [INFO ] | Main:44 --> Debug: true
[2024-09-09 13:27:32] | [INFO ] | Main:51 --> Registered command: StartCommand
[2024-09-09 13:27:32] | [INFO ] | Main:51 --> Registered command: ChatIdCommand
[2024-09-09 13:27:32] | [INFO ] | Main:51 --> Registered command: SendComplaintCommand
[2024-09-09 13:27:32] | [INFO ] | Main:51 --> Registered command: ViewComplaintCommand
[2024-09-09 13:27:32] | [INFO ] | Main:51 --> Registered command: ViewComplaintAdminCommand
[2024-09-09 13:27:32] | [INFO ] | Main:51 --> Registered command: RemoveComplaintCommand
[2024-09-09 13:27:33] | [INFO ] | BotSession:171 --> Result when calling deleteWebhook: true
[2024-09-09 13:27:33] | [INFO ] | Main:62 --> Telegram bot started!
[2024-09-09 13:27:39] | [INFO ] | Bot:57 --> Received new update! ChatId: 327614944
[2024-09-09 13:27:39] | [INFO ] | ViewComplaintAdminCommand:41 --> Executing ViewComplaintAdminCommand to 327614944
[2024-09-09 13:27:39] | [ERROR] | ViewComplaintAdminCommand:59 --> Error on ViewComplaintAdminCommand command
java.lang.NullPointerException: chatId is marked non-null but is null
	at kiinse.dev.telegram.complaint.Complaint$ComplaintBuilder.chatId(Complaint.java:6)
	at kiinse.dev.telegram.mongodb.queries.ComplaintQuery.documentToComplain(ComplaintQuery.java:61)
	at kiinse.dev.telegram.mongodb.queries.ComplaintQuery.getComplaints(ComplaintQuery.java:41)
	at kiinse.dev.telegram.manager.ComplaintManager.getComplaints(ComplaintManager.java:66)
	at kiinse.dev.telegram.commands.command.ViewComplaintAdminCommand.onCommand(ViewComplaintAdminCommand.java:54)
	at kiinse.dev.telegram.Bot.lambda$consume$0(Bot.java:81)
	at java.base/java.lang.Thread.run(Thread.java:1583)
[2024-09-09 13:28:18] | [INFO ] | MongoDB:33 --> Connecting to database...
[2024-09-09 13:28:18] | [INFO ] | cluster:71 --> Cluster created with settings {hosts=[mdb.kiinse.dev:27017], mode=SINGLE, requiredClusterType=UNKNOWN, serverSelectionTimeout='30000 ms', maxWaitQueueSize=500}
[2024-09-09 13:28:18] | [INFO ] | cluster:71 --> Cluster description not yet available. Waiting for 30000 ms before timing out
[2024-09-09 13:28:18] | [INFO ] | connection:71 --> Opened connection [connectionId{localValue:1, serverValue:1931}] to mdb.kiinse.dev:27017
[2024-09-09 13:28:18] | [INFO ] | cluster:71 --> Monitor thread successfully connected to server with description ServerDescription{address=mdb.kiinse.dev:27017, type=STANDALONE, state=CONNECTED, ok=true, version=ServerVersion{versionList=[6, 0, 2]}, minWireVersion=0, maxWireVersion=17, maxDocumentSize=16777216, logicalSessionTimeoutMinutes=30, roundTripTimeNanos=25842666}
[2024-09-09 13:28:19] | [INFO ] | connection:71 --> Opened connection [connectionId{localValue:2, serverValue:1932}] to mdb.kiinse.dev:27017
[2024-09-09 13:28:19] | [INFO ] | MongoDB:56 --> Database connected!
[2024-09-09 13:28:19] | [INFO ] | Main:43 --> Starting Telegram bot...
[2024-09-09 13:28:19] | [INFO ] | Main:44 --> Debug: true
[2024-09-09 13:28:19] | [INFO ] | Main:51 --> Registered command: StartCommand
[2024-09-09 13:28:19] | [INFO ] | Main:51 --> Registered command: ChatIdCommand
[2024-09-09 13:28:19] | [INFO ] | Main:51 --> Registered command: SendComplaintCommand
[2024-09-09 13:28:19] | [INFO ] | Main:51 --> Registered command: ViewComplaintCommand
[2024-09-09 13:28:19] | [INFO ] | Main:51 --> Registered command: ViewComplaintAdminCommand
[2024-09-09 13:28:19] | [INFO ] | Main:51 --> Registered command: RemoveComplaintCommand
[2024-09-09 13:28:20] | [INFO ] | BotSession:171 --> Result when calling deleteWebhook: true
[2024-09-09 13:28:20] | [INFO ] | Main:62 --> Telegram bot started!
[2024-09-09 13:28:37] | [INFO ] | Bot:57 --> Received new update! ChatId: 327614944
[2024-09-09 13:28:37] | [INFO ] | ViewComplaintAdminCommand:41 --> Executing ViewComplaintAdminCommand to 327614944
[2024-09-09 13:28:37] | [ERROR] | ViewComplaintAdminCommand:59 --> Error on ViewComplaintAdminCommand command
java.lang.NullPointerException: chatId is marked non-null but is null
	at kiinse.dev.telegram.complaint.Complaint$ComplaintBuilder.chatId(Complaint.java:6)
	at kiinse.dev.telegram.mongodb.queries.ComplaintQuery.documentToComplain(ComplaintQuery.java:64)
	at kiinse.dev.telegram.mongodb.queries.ComplaintQuery.getComplaints(ComplaintQuery.java:42)
	at kiinse.dev.telegram.manager.ComplaintManager.getComplaints(ComplaintManager.java:66)
	at kiinse.dev.telegram.commands.command.ViewComplaintAdminCommand.onCommand(ViewComplaintAdminCommand.java:54)
	at kiinse.dev.telegram.Bot.lambda$consume$0(Bot.java:81)
	at java.base/java.lang.Thread.run(Thread.java:1583)
[2024-09-09 13:29:17] | [INFO ] | MongoDB:33 --> Connecting to database...
[2024-09-09 13:29:17] | [INFO ] | cluster:71 --> Cluster created with settings {hosts=[mdb.kiinse.dev:27017], mode=SINGLE, requiredClusterType=UNKNOWN, serverSelectionTimeout='30000 ms', maxWaitQueueSize=500}
[2024-09-09 13:29:17] | [INFO ] | cluster:71 --> Cluster description not yet available. Waiting for 30000 ms before timing out
[2024-09-09 13:29:17] | [INFO ] | connection:71 --> Opened connection [connectionId{localValue:1, serverValue:1933}] to mdb.kiinse.dev:27017
[2024-09-09 13:29:17] | [INFO ] | cluster:71 --> Monitor thread successfully connected to server with description ServerDescription{address=mdb.kiinse.dev:27017, type=STANDALONE, state=CONNECTED, ok=true, version=ServerVersion{versionList=[6, 0, 2]}, minWireVersion=0, maxWireVersion=17, maxDocumentSize=16777216, logicalSessionTimeoutMinutes=30, roundTripTimeNanos=19342292}
[2024-09-09 13:29:17] | [INFO ] | connection:71 --> Opened connection [connectionId{localValue:2, serverValue:1934}] to mdb.kiinse.dev:27017
[2024-09-09 13:29:17] | [INFO ] | MongoDB:56 --> Database connected!
[2024-09-09 13:29:17] | [INFO ] | Main:43 --> Starting Telegram bot...
[2024-09-09 13:29:17] | [INFO ] | Main:44 --> Debug: true
[2024-09-09 13:29:17] | [INFO ] | Main:51 --> Registered command: StartCommand
[2024-09-09 13:29:17] | [INFO ] | Main:51 --> Registered command: ChatIdCommand
[2024-09-09 13:29:17] | [INFO ] | Main:51 --> Registered command: SendComplaintCommand
[2024-09-09 13:29:17] | [INFO ] | Main:51 --> Registered command: ViewComplaintCommand
[2024-09-09 13:29:17] | [INFO ] | Main:51 --> Registered command: ViewComplaintAdminCommand
[2024-09-09 13:29:17] | [INFO ] | Main:51 --> Registered command: RemoveComplaintCommand
[2024-09-09 13:29:18] | [INFO ] | BotSession:171 --> Result when calling deleteWebhook: true
[2024-09-09 13:29:18] | [INFO ] | Main:62 --> Telegram bot started!
[2024-09-09 13:29:25] | [INFO ] | Bot:57 --> Received new update! ChatId: 327614944
[2024-09-09 13:29:25] | [INFO ] | ViewComplaintAdminCommand:41 --> Executing ViewComplaintAdminCommand to 327614944
[2024-09-09 13:29:53] | [INFO ] | Bot:57 --> Received new update! ChatId: 327614944
[2024-09-09 13:29:53] | [INFO ] | ViewComplaintAdminCommand:41 --> Executing ViewComplaintAdminCommand to 327614944
[2024-09-09 13:37:31] | [INFO ] | MongoDB:33 --> Connecting to database...
[2024-09-09 13:37:31] | [INFO ] | cluster:71 --> Cluster created with settings {hosts=[mdb.kiinse.dev:27017], mode=SINGLE, requiredClusterType=UNKNOWN, serverSelectionTimeout='30000 ms', maxWaitQueueSize=500}
[2024-09-09 13:37:31] | [INFO ] | cluster:71 --> Cluster description not yet available. Waiting for 30000 ms before timing out
[2024-09-09 13:37:31] | [INFO ] | connection:71 --> Opened connection [connectionId{localValue:1, serverValue:1935}] to mdb.kiinse.dev:27017
[2024-09-09 13:37:31] | [INFO ] | cluster:71 --> Monitor thread successfully connected to server with description ServerDescription{address=mdb.kiinse.dev:27017, type=STANDALONE, state=CONNECTED, ok=true, version=ServerVersion{versionList=[6, 0, 2]}, minWireVersion=0, maxWireVersion=17, maxDocumentSize=16777216, logicalSessionTimeoutMinutes=30, roundTripTimeNanos=14447208}
[2024-09-09 13:37:32] | [INFO ] | connection:71 --> Opened connection [connectionId{localValue:2, serverValue:1936}] to mdb.kiinse.dev:27017
[2024-09-09 13:37:32] | [INFO ] | MongoDB:56 --> Database connected!
[2024-09-09 13:37:32] | [INFO ] | Main:44 --> Starting Telegram bot...
[2024-09-09 13:37:32] | [INFO ] | Main:45 --> Debug: true
[2024-09-09 13:37:32] | [INFO ] | Main:52 --> Registered command: StartCommand
[2024-09-09 13:37:32] | [INFO ] | Main:52 --> Registered command: ChatIdCommand
[2024-09-09 13:37:32] | [INFO ] | Main:52 --> Registered command: SendComplaintCommand
[2024-09-09 13:37:32] | [INFO ] | Main:52 --> Registered command: ViewComplaintCommand
[2024-09-09 13:37:32] | [INFO ] | Main:52 --> Registered command: ViewComplaintAdminCommand
[2024-09-09 13:37:32] | [INFO ] | Main:52 --> Registered command: RemoveComplaintCommand
[2024-09-09 13:37:32] | [INFO ] | Main:52 --> Registered command: ChangePermission
[2024-09-09 13:37:32] | [INFO ] | BotSession:171 --> Result when calling deleteWebhook: true
[2024-09-09 13:37:32] | [INFO ] | Main:63 --> Telegram bot started!
[2024-09-09 13:37:43] | [INFO ] | Bot:54 --> Received new update! ChatId: 327614944
[2024-09-09 13:37:43] | [INFO ] | StartCommand:40 --> Executing StartCommand to 327614944
[2024-09-09 13:37:47] | [INFO ] | Bot:54 --> Received new update! ChatId: 327614944
[2024-09-09 13:37:50] | [INFO ] | Bot:54 --> Received new update! ChatId: 327614944
[2024-09-09 13:37:50] | [INFO ] | StartCommand:40 --> Executing StartCommand to 327614944
[2024-09-09 13:37:53] | [INFO ] | Bot:54 --> Received new update! ChatId: 327614944
[2024-09-09 13:37:55] | [INFO ] | Bot:54 --> Received new update! ChatId: 327614944
[2024-09-09 13:37:55] | [INFO ] | StartCommand:40 --> Executing StartCommand to 327614944
[2024-09-09 13:37:57] | [INFO ] | Bot:54 --> Received new update! ChatId: 327614944
[2024-09-09 13:38:00] | [INFO ] | Bot:54 --> Received new update! ChatId: 327614944
[2024-09-09 13:38:00] | [INFO ] | StartCommand:40 --> Executing StartCommand to 327614944
[2024-09-09 13:39:05] | [INFO ] | MongoDB:33 --> Connecting to database...
[2024-09-09 13:39:05] | [INFO ] | cluster:71 --> Cluster created with settings {hosts=[mdb.kiinse.dev:27017], mode=SINGLE, requiredClusterType=UNKNOWN, serverSelectionTimeout='30000 ms', maxWaitQueueSize=500}
[2024-09-09 13:39:05] | [INFO ] | cluster:71 --> Cluster description not yet available. Waiting for 30000 ms before timing out
[2024-09-09 13:39:06] | [INFO ] | connection:71 --> Opened connection [connectionId{localValue:1, serverValue:1937}] to mdb.kiinse.dev:27017
[2024-09-09 13:39:06] | [INFO ] | cluster:71 --> Monitor thread successfully connected to server with description ServerDescription{address=mdb.kiinse.dev:27017, type=STANDALONE, state=CONNECTED, ok=true, version=ServerVersion{versionList=[6, 0, 2]}, minWireVersion=0, maxWireVersion=17, maxDocumentSize=16777216, logicalSessionTimeoutMinutes=30, roundTripTimeNanos=14986000}
[2024-09-09 13:39:06] | [INFO ] | connection:71 --> Opened connection [connectionId{localValue:2, serverValue:1938}] to mdb.kiinse.dev:27017
[2024-09-09 13:39:06] | [INFO ] | MongoDB:56 --> Database connected!
[2024-09-09 13:39:06] | [INFO ] | Main:44 --> Starting Telegram bot...
[2024-09-09 13:39:06] | [INFO ] | Main:45 --> Debug: true
[2024-09-09 13:39:06] | [INFO ] | Main:52 --> Registered command: StartCommand
[2024-09-09 13:39:06] | [INFO ] | Main:52 --> Registered command: ChatIdCommand
[2024-09-09 13:39:06] | [INFO ] | Main:52 --> Registered command: SendComplaintCommand
[2024-09-09 13:39:06] | [INFO ] | Main:52 --> Registered command: ViewComplaintCommand
[2024-09-09 13:39:06] | [INFO ] | Main:52 --> Registered command: ViewComplaintAdminCommand
[2024-09-09 13:39:06] | [INFO ] | Main:52 --> Registered command: RemoveComplaintCommand
[2024-09-09 13:39:06] | [INFO ] | Main:52 --> Registered command: ChangePermission
[2024-09-09 13:39:09] | [INFO ] | BotSession:171 --> Result when calling deleteWebhook: true
[2024-09-09 13:39:09] | [INFO ] | Main:63 --> Telegram bot started!
[2024-09-09 13:39:13] | [INFO ] | Bot:54 --> Received new update! ChatId: 327614944
[2024-09-09 13:39:13] | [INFO ] | StartCommand:40 --> Executing StartCommand to 327614944
[2024-09-09 13:45:39] | [INFO ] | Bot:54 --> Received new update! ChatId: 327614944
[2024-09-09 13:45:39] | [INFO ] | ViewComplaintAdminCommand:41 --> Executing ViewComplaintAdminCommand to 327614944
[2024-09-09 13:49:04] | [INFO ] | Bot:54 --> Received new update! ChatId: 458925016
[2024-09-09 13:49:04] | [INFO ] | StartCommand:40 --> Executing StartCommand to 458925016
[2024-09-09 13:49:18] | [INFO ] | Bot:54 --> Received new update! ChatId: 458925016
[2024-09-09 13:49:18] | [INFO ] | SelectDistrictCommand:35 --> Executing SelectDistrictCommand to 458925016
[2024-09-09 13:50:19] | [INFO ] | Bot:54 --> Received new update! ChatId: 458925016
[2024-09-09 13:50:19] | [INFO ] | SendComplaintCommand:38 --> Executing SendComplaintCommand to 458925016
[2024-09-09 13:50:29] | [INFO ] | Bot:54 --> Received new update! ChatId: 458925016
[2024-09-09 13:50:29] | [INFO ] | SaveComplaintCommand:33 --> Executing SaveComplaintCommand to 458925016
[2024-09-09 13:50:35] | [INFO ] | Bot:54 --> Received new update! ChatId: 458925016
[2024-09-09 13:50:35] | [INFO ] | ViewComplaintCommand:38 --> Executing ViewComplaintCommand to 458925016
[2024-09-09 13:50:41] | [INFO ] | Bot:54 --> Received new update! ChatId: 458925016
[2024-09-09 13:50:41] | [INFO ] | RemoveComplaintCommand:38 --> Executing RemoveComplaintCommand to 458925016
